[debug] [2021-03-28T17:47:50.685Z] ----------------------------------------------------------------------
[debug] [2021-03-28T17:47:50.718Z] Command:       C:\Program Files\nodejs\node.exe C:\Users\Murlidhar\AppData\Roaming\npm\node_modules\firebase-tools\lib\bin\firebase.js deploy
[debug] [2021-03-28T17:47:50.720Z] CLI Version:   9.5.0
[debug] [2021-03-28T17:47:50.720Z] Platform:      win32
[debug] [2021-03-28T17:47:50.720Z] Node Version:  v15.10.0
[debug] [2021-03-28T17:47:50.832Z] Time:          Sun Mar 28 2021 23:17:50 GMT+0530 (India Standard Time)
[debug] [2021-03-28T17:47:50.833Z] ----------------------------------------------------------------------
[debug] [2021-03-28T17:47:50.833Z] 
[debug] [2021-03-28T17:47:50.909Z] > command requires scopes: ["email","openid","https://www.googleapis.com/auth/cloudplatformprojects.readonly","https://www.googleapis.com/auth/firebase","https://www.googleapis.com/auth/cloud-platform"]
[debug] [2021-03-28T17:47:50.911Z] > authorizing via signed-in user
[debug] [2021-03-28T17:47:50.912Z] [iam] checking project clone-d4727 for permissions ["firebase.projects.get","firebasehosting.sites.update"]
[debug] [2021-03-28T17:47:50.964Z] > refreshing access token with scopes: ["email","https://www.googleapis.com/auth/cloud-platform","https://www.googleapis.com/auth/cloudplatformprojects.readonly","https://www.googleapis.com/auth/firebase","openid"]
[debug] [2021-03-28T17:47:50.965Z] >>> HTTP REQUEST POST https://www.googleapis.com/oauth2/v3/token  
 <request body omitted>
[debug] [2021-03-28T17:48:16.901Z] [iam] error while checking permissions, command may fail: FirebaseError: Authentication Error: Your credentials are no longer valid. Please run firebase login --reauth

For CI servers and headless environments, generate a new token with firebase login:ci
[debug] [2021-03-28T17:48:16.905Z] > refreshing access token with scopes: []
[debug] [2021-03-28T17:48:16.906Z] >>> HTTP REQUEST POST https://www.googleapis.com/oauth2/v3/token  
 <request body omitted>
[debug] [2021-03-28T17:48:29.538Z] Authentication Error: Your credentials are no longer valid. Please run firebase login --reauth

For CI servers and headless environments, generate a new token with firebase login:ci
[debug] [2021-03-28T17:48:52.109Z] FirebaseError: Authentication Error: Your credentials are no longer valid. Please run firebase login --reauth

For CI servers and headless environments, generate a new token with firebase login:ci
    at invalidCredentialError (C:\Users\Murlidhar\AppData\Roaming\npm\node_modules\firebase-tools\lib\auth.js:26:12)
    at refreshTokens (C:\Users\Murlidhar\AppData\Roaming\npm\node_modules\firebase-tools\lib\auth.js:297:15)
    at processTicksAndRejections (node:internal/process/task_queues:94:5)
    at async Client.getAccessToken (C:\Users\Murlidhar\AppData\Roaming\npm\node_modules\firebase-tools\lib\apiv2.js:144:23)
    at async Client.addAuthHeader (C:\Users\Murlidhar\AppData\Roaming\npm\node_modules\firebase-tools\lib\apiv2.js:135:21)
    at async Client.request (C:\Users\Murlidhar\AppData\Roaming\npm\node_modules\firebase-tools\lib\apiv2.js:93:34)
    at async Object.getFirebaseProject (C:\Users\Murlidhar\AppData\Roaming\npm\node_modules\firebase-tools\lib\management\projects.js:289:21)
    at async Object.getDefaultHostingSite (C:\Users\Murlidhar\AppData\Roaming\npm\node_modules\firebase-tools\lib\getDefaultHostingSite.js:8:21)
    at async requireHostingSite (C:\Users\Murlidhar\AppData\Roaming\npm\node_modules\firebase-tools\lib\requireHostingSite.js:9:18)
    at async Object.fn (C:\Users\Murlidhar\AppData\Roaming\npm\node_modules\firebase-tools\lib\commands\deploy.js:66:9)
    at async C:\Users\Murlidhar\AppData\Roaming\npm\node_modules\firebase-tools\lib\command.js:161:17
[error] 
[error] Error: Failed to get Firebase project clone-d4727. Please make sure the project exists and your account has permission to access it.
